<?xml version="1.0" encoding="utf-8"?><testsuites name="pytest tests"><testsuite name="pytest" errors="0" failures="0" skipped="0" tests="7" time="1.683" timestamp="2026-07-17T02:15:20.762942+00:00" hostname="agent-env-d837314e-a5d6-4aaf-831f-d96a1720db33"><testcase classname="backend.tests.test_session_refactor.TestAuthSessionRefactor" name="test_root_alive" time="0.279" /><testcase classname="backend.tests.test_session_refactor.TestAuthSessionRefactor" name="test_session_empty_body_returns_400" time="0.140" /><testcase classname="backend.tests.test_session_refactor.TestAuthSessionRefactor" name="test_session_missing_session_id_returns_400" time="0.108" /><testcase classname="backend.tests.test_session_refactor.TestAuthSessionRefactor" name="test_session_invalid_session_id_returns_401" time="0.217" /><testcase classname="backend.tests.test_session_refactor.TestAdminAuthSmoke" name="test_admin_login_returns_200_with_user" time="0.363" /><testcase classname="backend.tests.test_session_refactor.TestAdminAuthSmoke" name="test_me_endpoint_with_cookie_after_login" time="0.401" /><testcase classname="backend.tests.test_session_refactor.TestAdminAuthSmoke" name="test_me_unauthenticated_returns_401" time="0.111" /></testsuite></testsuites>